Flutter crash report.
Please report a bug at https://github.com/flutter/flutter/issues.

## command

flutter analyze

## exception

_Exception: Exception: analysis server exited with code -1073740791 and output:
[stdout] {"event":"server.connected","params":{"version":"1.40.0","pid":18720}}
[stdout] {"id":"1"}
[stdout] {"event":"analysis.errors","params":{"file":"F:\\inventory management systemm\\inventory_man\\analysis_options.yaml","errors":[]}}
[stdout] {"event":"analysis.errors","params":{"file":"F:\\inventory management systemm\\inventory_man\\pubspec.yaml","errors":[]}}
[stdout] {"event":"server.status","params":{"analysis":{"isAnalyzing":true}}}
[stderr] ../../runtime/vm/zone.cc: 96: error: Out of memory.
[stderr] version=3.10.4 (stable) (Tue Dec 9 00:01:55 2025 -0800) on "windows_x64"
[stderr] pid=18720, thread=1060, isolate_group=main(000001DDB8477200), isolate=EvictingFileByteStore._cacheCleanUpFunction(000001DDB84E6080)
[stderr] os=windows, arch=x64, comp=no, sim=no
[stderr] isolate_instructions=1ddbb980000, vm_instructions=7ff6da8b8080
[stderr] fp=962d9fe2b0, sp=962d9fe268, pc=7ff6dab9dc73
[stderr]   pc 0x00007ff6dab9dc73 fp 0x000000962d9fe2b0 E:\flutter_windows_3.38.5-stable\flutter\bin\cache\dart-sdk\bin\dartvm.exe+0x2edc73
[stderr] -- End of DumpStackTrace
[stderr] ../../runtime/vm/zone.cc: 96: error: Out of memory.
[stderr] Aborting reentrant request for stack trace.

```
```

## flutter doctor

```
[✓] Flutter (Channel stable, 3.38.5, on Microsoft Windows [Version 10.0.19045.6466], locale en-US) [468ms]
    • Flutter version 3.38.5 on channel stable at E:\flutter_windows_3.38.5-stable\flutter
    • Upstream repository https://github.com/flutter/flutter.git
    • Framework revision f6ff1529fd (7 months ago), 2025-12-11 11:50:07 -0500
    • Engine revision 1527ae0ec5
    • Dart version 3.10.4
    • DevTools version 2.51.1
    • Feature flags: enable-web, enable-linux-desktop, enable-macos-desktop, enable-windows-desktop, enable-android, enable-ios, cli-animations, enable-native-assets, omit-legacy-version-file, enable-lldb-debugging

[✓] Windows Version (10 Home 64-bit, 22H2, 2009) [3.8s]

[!] Android toolchain - develop for Android devices (Android SDK version 36.1.0) [1,374ms]
    • Android SDK at C:\Users\Sunny\AppData\Local\Android\sdk
    • Emulator version 36.3.10.0 (build_id 14472402) (CL:N/A)
    • Platform android-36, build-tools 36.1.0
    • Java binary at: C:\Program Files\Android\Android Studio\jbr\bin\java
      This is the JDK bundled with the latest Android Studio installation on this machine.
      To manually set the JDK path, use: `flutter config --jdk-dir="path/to/jdk"`.
    • Java version OpenJDK Runtime Environment (build 21.0.8+-14196175-b1038.72)
    ✗ Android license status unknown.
      Run `flutter doctor --android-licenses` to accept the SDK licenses.
      See https://flutter.dev/to/windows-android-setup for more details.

[✗] Chrome - develop for the web (Cannot find Chrome executable at .\Google\Chrome\Application\chrome.exe) [25ms]
    ! Cannot find Chrome. Try setting CHROME_EXECUTABLE to a Chrome executable.

[✗] Visual Studio - develop Windows apps [22ms]
    ✗ Visual Studio not installed; this is necessary to develop Windows apps.
      Download at https://visualstudio.microsoft.com/downloads/.
      Please install the "Desktop development with C++" workload, including all of its default components

[✓] Connected device (2 available) [310ms]
    • Windows (desktop) • windows • windows-x64    • Microsoft Windows [Version 10.0.19045.6466]
    • Edge (web)        • edge    • web-javascript • Microsoft Edge 150.0.4078.65

[✓] Network resources [736ms]
    • All expected network resources are available.

! Doctor found issues in 3 categories.
```
