Flutter crash report.
Please report a bug at https://github.com/flutter/flutter/issues.

## command

flutter run -d edge

## exception

OutOfMemoryError: Out of Memory

```
#0      new Uint8List (dart:typed_data-patch/typed_data_patch.dart:2403:3)
#1      _File.readAsBytesSync (dart:io/file_impl.dart:679:16)
#2      ForwardingFile.readAsBytesSync (package:file/src/forwarding/forwarding_file.dart:91:43)
#3      ForwardingFile.readAsBytesSync (package:file/src/forwarding/forwarding_file.dart:91:43)
#4      WebMemoryFS.write (package:flutter_tools/src/web/memory_fs.dart:29:42)
#5      WebDevFS.update (package:flutter_tools/src/isolated/devfs_web.dart:397:44)
#6      _rootRunUnary (dart:async/zone.dart:1538:47)
#7      Future._propagateToListeners.handleValueCallback (dart:async/future_impl.dart:948:45)
#8      Future._propagateToListeners (dart:async/future_impl.dart:977:13)
#9      Future._completeWithValue (dart:async/future_impl.dart:720:5)
#10     Future._asyncCompleteWithValue.<anonymous closure> (dart:async/future_impl.dart:804:7)
#11     _rootRun (dart:async/zone.dart:1525:13)
#12     _CustomZone.run (dart:async/zone.dart:1422:19)
#13     _CustomZone.runGuarded (dart:async/zone.dart:1321:7)
#14     _CustomZone.bindCallbackGuarded.<anonymous closure> (dart:async/zone.dart:1362:23)
#15     _microtaskLoop (dart:async/schedule_microtask.dart:40:35)
#16     _startMicrotaskLoop (dart:async/schedule_microtask.dart:49:5)
#17     _runPendingImmediateCallback (dart:isolate-patch/isolate_patch.dart:127:13)
#18     _RawReceivePort._handleMessage (dart:isolate-patch/isolate_patch.dart:194:5)
```

## flutter doctor

```
[✓] Flutter (Channel stable, 3.38.5, on Microsoft Windows [Version 10.0.19045.6466], locale en-US) [362ms]
    • Flutter version 3.38.5 on channel stable at E:\flutter_windows_3.38.5-stable\flutter
    • Upstream repository https://github.com/flutter/flutter.git
    • Framework revision f6ff1529fd (), 2025-12-11 11:50:07 -0500
    • Engine revision 1527ae0ec5
    • Dart version 3.10.4
    • DevTools version 2.51.1
    • Feature flags: enable-web, enable-linux-desktop, enable-macos-desktop, enable-windows-desktop, enable-android, enable-ios, cli-animations, enable-native-assets, omit-legacy-version-file, enable-lldb-debugging

[✓] Windows Version (10 Home 64-bit, 22H2, 2009) [1,809ms]

[!] Android toolchain - develop for Android devices (Android SDK version 36.1.0) [358ms]
    • Android SDK at C:\Users\Sunny\AppData\Local\Android\sdk
    • Emulator version unknown
    • Platform android-36, build-tools 36.1.0
    • Java binary at: C:\Program Files\Microsoft\jdk-17.0.18.8-hotspot\bin\java
      This JDK is specified by the JAVA_HOME environment variable.
      To manually set the JDK path, use: `flutter config --jdk-dir="path/to/jdk"`.
    • Java version OpenJDK Runtime Environment Microsoft-13106358 (build 17.0.18+8-LTS)

[✗] Chrome - develop for the web (Cannot find Chrome executable at .\Google\Chrome\Application\chrome.exe) [15ms]
    ! Cannot find Chrome. Try setting CHROME_EXECUTABLE to a Chrome executable.

[✗] Visual Studio - develop Windows apps [13ms]
    ✗ Visual Studio not installed; this is necessary to develop Windows apps.
      Download at https://visualstudio.microsoft.com/downloads/.
      Please install the "Desktop development with C++" workload, including all of its default components

[✓] Connected device (2 available) [2.3s]
    • Windows (desktop) • windows • windows-x64    • Microsoft Windows [Version 10.0.19045.6466]
    • Edge (web)        • edge    • web-javascript • Microsoft Edge 150.0.4078.65

[✓] Network resources [801ms]
    • All expected network resources are available.

! Doctor found issues in 3 categories.
```
