Flutter crash report.
Please report a bug at https://github.com/flutter/flutter/issues.

## command

flutter run

## exception

OutOfMemoryError: Out of Memory

```
#0      new Uint8List (dart:typed_data-patch/typed_data_patch.dart:2403:3)
#1      _File.readAsBytesSync (dart:io/file_impl.dart:679:16)
#2      ForwardingFile.readAsBytesSync (package:file/src/forwarding/forwarding_file.dart:91:43)
#3      ForwardingFile.readAsBytesSync (package:file/src/forwarding/forwarding_file.dart:91:43)
#4      WebMemoryFS.write (package:flutter_tools/src/web/memory_fs.dart:29:42)
#5      WebDevFS.update (package:flutter_tools/src/isolated/devfs_web.dart:397:44)
#6      _rootRunUnary (dart:async/zone.dart:1538:47)
#7      Future._propagateToListeners.handleValueCallback (dart:async/future_impl.dart:948:45)
#8      Future._propagateToListeners (dart:async/future_impl.dart:977:13)
#9      Future._completeWithValue (dart:async/future_impl.dart:720:5)
#10     Future._asyncCompleteWithValue.<anonymous closure> (dart:async/future_impl.dart:804:7)
#11     _rootRun (dart:async/zone.dart:1525:13)
#12     _CustomZone.run (dart:async/zone.dart:1422:19)
#13     _CustomZone.runGuarded (dart:async/zone.dart:1321:7)
#14     _CustomZone.bindCallbackGuarded.<anonymous closure> (dart:async/zone.dart:1362:23)
#15     _microtaskLoop (dart:async/schedule_microtask.dart:40:35)
#16     _startMicrotaskLoop (dart:async/schedule_microtask.dart:49:5)
#17     _runPendingImmediateCallback (dart:isolate-patch/isolate_patch.dart:127:13)
#18     _RawReceivePort._handleMessage (dart:isolate-patch/isolate_patch.dart:194:5)
```

## flutter doctor

```
[32m[✓][39m Flutter (Channel stable, 3.38.5, on Microsoft Windows [Version
    10.0.19045.6466], locale en-US) [325ms]
    [32m•[39m Flutter version 3.38.5 on channel stable at
      E:\flutter_windows_3.38.5-stable\flutter
    [32m•[39m Upstream repository https://github.com/flutter/flutter.git
    [32m•[39m Framework revision f6ff1529fd (7 months ago), 2025-12-11 11:50:07 -0500
    [32m•[39m Engine revision 1527ae0ec5
    [32m•[39m Dart version 3.10.4
    [32m•[39m DevTools version 2.51.1
    [32m•[39m Feature flags: enable-web, enable-linux-desktop, enable-macos-desktop,
      enable-windows-desktop, enable-android, enable-ios, cli-animations,
      enable-native-assets, omit-legacy-version-file, enable-lldb-debugging

[32m[✓][39m Windows Version (10 Home 64-bit, 22H2, 2009) [2.5s]

[33m[!][39m Android toolchain - develop for Android devices (Android SDK version 36.1.0)
    [680ms]
    [32m•[39m Android SDK at C:\Users\Sunny\AppData\Local\Android\sdk
    [32m•[39m Emulator version 36.3.10.0 (build_id 14472402) (CL:N/A)
    [32m•[39m Platform android-36, build-tools 36.1.0
    [32m•[39m Java binary at: C:\Program Files\Microsoft\jdk-17.0.18.8-hotspot\bin\java
      This JDK is specified by the JAVA_HOME environment variable.
      To manually set the JDK path, use: `flutter config --jdk-dir="path/to/jdk"`.
    [31m✗[39m Could not determine java version

[31m[✗][39m Chrome - develop for the web (Cannot find Chrome executable at
    .\Google\Chrome\Application\chrome.exe) [5ms]
    [33m![39m Cannot find Chrome. Try setting CHROME_EXECUTABLE to a Chrome executable.

[31m[✗][39m Visual Studio - develop Windows apps [4ms]
    [31m✗[39m Visual Studio not installed; this is necessary to develop Windows apps.
      Download at https://visualstudio.microsoft.com/downloads/.
      Please install the "Desktop development with C++" workload, including all of
      its default components

[32m[✓][39m Connected device (2 available) [227ms]
    [32m•[39m Windows (desktop) • windows • windows-x64    • Microsoft Windows [Version
      10.0.19045.6466]
    [32m•[39m Edge (web)        • edge    • web-javascript • Microsoft Edge 150.0.4078.65

[32m[✓][39m Network resources [749ms]
    [32m•[39m All expected network resources are available.

[33m![39m Doctor found issues in 3 categories.
```
