#
# There is insufficient memory for the Java Runtime Environment to continue.
# Native memory allocation (mmap) failed to map 130023424 bytes. Error detail: G1 virtual space
# Possible reasons:
#   The system is out of physical RAM or swap space
#   This process is running with CompressedOops enabled, and the Java Heap may be blocking the growth of the native heap
# Possible solutions:
#   Reduce memory load on the system
#   Increase physical memory or swap space
#   Check if swap backing store is full
#   Decrease Java heap size (-Xmx/-Xms)
#   Decrease number of Java threads
#   Decrease Java thread stack sizes (-Xss)
#   Set larger code cache with -XX:ReservedCodeCacheSize=
#   JVM is running with Unscaled Compressed Oops mode in which the Java heap is
#     placed in the first 4GB address space. The Java Heap base address is the
#     maximum limit for the native heap growth. Please use -XX:HeapBaseMinAddress
#     to set the Java Heap base and to place the Java Heap above 4GB virtual address.
# This output file may be truncated or incomplete.
#
#  Out of Memory Error (os_windows.cpp:3925), pid=21264, tid=1748
#
# JRE version:  (21.0.8) (build )
# Java VM: OpenJDK 64-Bit Server VM (21.0.8+-14196175-b1038.72, mixed mode, sharing, tiered, compressed oops, compressed class ptrs, g1 gc, windows-amd64)
# No core dump will be written. Minidumps are not enabled by default on client versions of Windows
#

---------------  S U M M A R Y ------------

Command Line: 

Host: 12th Gen Intel(R) Core(TM) i5-1235U, 12 cores, 7G,  Windows 10 , 64 bit Build 19041 (10.0.19041.5915)
Time: Mon Jul 13 12:40:23 2026 Pakistan Standard Time elapsed time: 0.006172 seconds (0d 0h 0m 0s)

---------------  T H R E A D  ---------------

Current thread (0x0000023b88e5f580):  JavaThread "Unknown thread" [_thread_in_vm, id=1748, stack(0x0000007eba600000,0x0000007eba700000) (1024K)]

Stack: [0x0000007eba600000,0x0000007eba700000]
Native frames: (J=compiled Java code, j=interpreted, Vv=VM code, C=native code)
V  [jvm.dll+0x6d68d9]
V  [jvm.dll+0x866693]
V  [jvm.dll+0x868c4e]
V  [jvm.dll+0x869333]
V  [jvm.dll+0x280566]
V  [jvm.dll+0x6d3195]
V  [jvm.dll+0x6c69ea]
V  [jvm.dll+0x3586db]
V  [jvm.dll+0x360336]
V  [jvm.dll+0x3b23f6]
V  [jvm.dll+0x3b26c8]
V  [jvm.dll+0x32ae6c]
V  [jvm.dll+0x32bb5b]
V  [jvm.dll+0x82e109]
V  [jvm.dll+0x3bf5c8]
V  [jvm.dll+0x817388]
V  [jvm.dll+0x453b6e]
V  [jvm.dll+0x4552d1]
C  [jli.dll+0x52ab]
C  [ucrtbase.dll+0x21bb2]
C  [KERNEL32.DLL+0x17374]
C  [ntdll.dll+0x4cc91]


---------------  P R O C E S S  ---------------

Threads class SMR info:
_java_thread_list=0x00007ff95074b988, length=0, elements={
}

Java Threads: ( => current thread )
Total: 0

Other Threads:
  0x0000023b8b180850 WorkerThread "GC Thread#0"                     [id=20192, stack(0x0000007eba700000,0x0000007eba800000) (1024K)]
  0x0000023b8b190fb0 ConcurrentGCThread "G1 Main Marker"            [id=14100, stack(0x0000007eba800000,0x0000007eba900000) (1024K)]
  0x0000023b8b191c20 WorkerThread "G1 Conc#0"                       [id=17108, stack(0x0000007eba900000,0x0000007ebaa00000) (1024K)]

[error occurred during error reporting (printing all threads), id 0xc0000005, EXCEPTION_ACCESS_VIOLATION (0xc0000005) at pc=0x00007ff94ff3ddd7]
VM state: not at safepoint (not fully initialized)

VM Mutex/Monitor currently owned by a thread:  ([mutex/lock_event])
[0x00007ff9507b86b8] Heap_lock - owner thread: 0x0000023b88e5f580

Heap address: 0x0000000084400000, size: 1980 MB, Compressed Oops mode: 32-bit

CDS archive(s) mapped at: [0x0000000000000000-0x0000000000000000-0x0000000000000000), size 0, SharedBaseAddress: 0x0000000800000000, ArchiveRelocationMode: 1.
Narrow klass base: 0x0000000000000000, Narrow klass shift: 0, Narrow klass range: 0x0

GC Precious Log:
 CardTable entry size: 512
 Card Set container configuration: InlinePtr #cards 5 size 8 Array Of Cards #cards 12 size 40 Howl #buckets 4 coarsen threshold 1843 Howl Bitmap #cards 512 size 80 coarsen threshold 460 Card regions per heap region 1 cards per card region 2048

Heap:
 garbage-first heap   total 0K, used 0K [0x0000000084400000, 0x0000000100000000)
  region size 1024K, 0 young (0K), 0 survivors (0K)
 Metaspace       used 0K, committed 0K, reserved 0K
  class space    used 0K, committed 0K, reserved 0K

Heap Regions: E=young(eden), S=young(survivor), O=old, HS=humongous(starts), HC=humongous(continues), CS=collection set, F=free, TAMS=top-at-mark-start, PB=parsable bottom

Card table byte_map: [0x0000023b9dbc0000,0x0000023b9dfa0000] _byte_map_base: 0x0000023b9d79e000

Marking Bits: (CMBitMap*) 0x0000023b8b180f50
 Bits: [0x0000023b9dfa0000, 0x0000023b9fe90000)

GC Heap History (0 events):
No events

Dll operation events (1 events):
Event: 0.004 Loaded shared library C:\Program Files\Android\Android Studio\jbr\bin\java.dll

Deoptimization events (0 events):
No events

Classes loaded (0 events):
No events

Classes unloaded (0 events):
No events

Classes redefined (0 events):
No events

Internal exceptions (0 events):
No events

ZGC Phase Switch (0 events):
No events

VM Operations (0 events):
No events

Memory protections (0 events):
No events

Nmethod flushes (0 events):
No events

Events (0 events):
No events


Dynamic libraries:
0x00007ff78d760000 - 0x00007ff78d76a000 	C:\Program Files\Android\Android Studio\jbr\bin\java.EXE
0x00007ff9a3e10000 - 0x00007ff9a4008000 	C:\Windows\SYSTEM32\ntdll.dll
0x00007ff9a2920000 - 0x00007ff9a29e2000 	C:\Windows\System32\KERNEL32.DLL
0x00007ff9a17d0000 - 0x00007ff9a1ac6000 	C:\Windows\System32\KERNELBASE.dll
0x00007ff9a1590000 - 0x00007ff9a1690000 	C:\Windows\System32\ucrtbase.dll
0x00007ff996f20000 - 0x00007ff996f3b000 	C:\Program Files\Android\Android Studio\jbr\bin\VCRUNTIME140.dll
0x00007ff995790000 - 0x00007ff9957a8000 	C:\Program Files\Android\Android Studio\jbr\bin\jli.dll
0x00007ff9a29f0000 - 0x00007ff9a2b91000 	C:\Windows\System32\USER32.dll
0x00007ff9a1b80000 - 0x00007ff9a1ba2000 	C:\Windows\System32\win32u.dll
0x00007ff9867e0000 - 0x00007ff986a7b000 	C:\Windows\WinSxS\amd64_microsoft.windows.common-controls_6595b64144ccf1df_6.0.19041.6456_none_60b8a6cb71f64256\COMCTL32.dll
0x00007ff9a1e40000 - 0x00007ff9a1e6b000 	C:\Windows\System32\GDI32.dll
0x00007ff9a1d10000 - 0x00007ff9a1e29000 	C:\Windows\System32\gdi32full.dll
0x00007ff9a3590000 - 0x00007ff9a362e000 	C:\Windows\System32\msvcrt.dll
0x00007ff9a14a0000 - 0x00007ff9a153d000 	C:\Windows\System32\msvcp_win.dll
0x00007ff9a3480000 - 0x00007ff9a34af000 	C:\Windows\System32\IMM32.DLL
0x00007ff997270000 - 0x00007ff99727c000 	C:\Program Files\Android\Android Studio\jbr\bin\vcruntime140_1.dll
0x00007ff970ea0000 - 0x00007ff970f2d000 	C:\Program Files\Android\Android Studio\jbr\bin\msvcp140.dll
0x00007ff94fc00000 - 0x00007ff950896000 	C:\Program Files\Android\Android Studio\jbr\bin\server\jvm.dll
0x00007ff9a27a0000 - 0x00007ff9a2851000 	C:\Windows\System32\ADVAPI32.dll
0x00007ff9a2e80000 - 0x00007ff9a2f1f000 	C:\Windows\System32\sechost.dll
0x00007ff9a2f80000 - 0x00007ff9a30a0000 	C:\Windows\System32\RPCRT4.dll
0x00007ff9a1ad0000 - 0x00007ff9a1af7000 	C:\Windows\System32\bcrypt.dll
0x00007ff9a3630000 - 0x00007ff9a369b000 	C:\Windows\System32\WS2_32.dll
0x00007ff9929c0000 - 0x00007ff9929e7000 	C:\Windows\SYSTEM32\WINMM.dll
0x00007ff9a1300000 - 0x00007ff9a134b000 	C:\Windows\SYSTEM32\POWRPROF.dll
0x00007ff989300000 - 0x00007ff98930a000 	C:\Windows\SYSTEM32\VERSION.dll
0x00007ff9a12e0000 - 0x00007ff9a12f2000 	C:\Windows\SYSTEM32\UMPDC.dll
0x00007ff99fcb0000 - 0x00007ff99fcc2000 	C:\Windows\SYSTEM32\kernel.appcore.dll
0x00007ff996ee0000 - 0x00007ff996eea000 	C:\Program Files\Android\Android Studio\jbr\bin\jimage.dll
0x00007ff99f9b0000 - 0x00007ff99fbb1000 	C:\Windows\SYSTEM32\DBGHELP.DLL
0x00007ff973b60000 - 0x00007ff973b94000 	C:\Windows\SYSTEM32\dbgcore.DLL
0x00007ff9a1740000 - 0x00007ff9a17c2000 	C:\Windows\System32\bcryptPrimitives.dll
0x00007ff994180000 - 0x00007ff9941a0000 	C:\Program Files\Android\Android Studio\jbr\bin\java.dll

JVMTI agents: none

dbghelp: loaded successfully - version: 4.0.5 - missing functions: none
symbol engine: initialized successfully - sym options: 0x614 - pdb path: .;C:\Program Files\Android\Android Studio\jbr\bin;C:\Windows\SYSTEM32;C:\Windows\WinSxS\amd64_microsoft.windows.common-controls_6595b64144ccf1df_6.0.19041.6456_none_60b8a6cb71f64256;C:\Program Files\Android\Android Studio\jbr\bin\server

VM Arguments:
java_command: <unknown>
java_class_path (initial): <not set>
Launcher Type: SUN_STANDARD

[Global flags]
     intx CICompilerCount                          = 4                                         {product} {ergonomic}
     uint ConcGCThreads                            = 3                                         {product} {ergonomic}
     uint G1ConcRefinementThreads                  = 10                                        {product} {ergonomic}
   size_t G1HeapRegionSize                         = 1048576                                   {product} {ergonomic}
    uintx GCDrainStackTargetSize                   = 64                                        {product} {ergonomic}
   size_t InitialHeapSize                          = 130023424                                 {product} {ergonomic}
   size_t MarkStackSize                            = 4194304                                   {product} {ergonomic}
   size_t MaxHeapSize                              = 2076180480                                {product} {ergonomic}
   size_t MinHeapDeltaBytes                        = 1048576                                   {product} {ergonomic}
   size_t MinHeapSize                              = 8388608                                   {product} {ergonomic}
    uintx NonNMethodCodeHeapSize                   = 5839372                                {pd product} {ergonomic}
    uintx NonProfiledCodeHeapSize                  = 122909434                              {pd product} {ergonomic}
    uintx ProfiledCodeHeapSize                     = 122909434                              {pd product} {ergonomic}
    uintx ReservedCodeCacheSize                    = 251658240                              {pd product} {ergonomic}
     bool SegmentedCodeCache                       = true                                      {product} {ergonomic}
   size_t SoftMaxHeapSize                          = 2076180480                             {manageable} {ergonomic}
     bool UseCompressedOops                        = true                           {product lp64_product} {ergonomic}
     bool UseG1GC                                  = true                                      {product} {ergonomic}
     bool UseLargePagesIndividualAllocation        = false                                  {pd product} {ergonomic}

Logging:
Log output configuration:
 #0: stdout all=warning uptime,level,tags foldmultilines=false
 #1: stderr all=off uptime,level,tags foldmultilines=false

Environment Variables:
JAVA_HOME=C:\Program Files\Microsoft\jdk-17.0.18.8-hotspot
PATH=E:\flutter_windows_3.38.5-stable\flutter\bin\;C:\Program Files\Microsoft\jdk-17.0.18.8-hotspot\bin;C:\Python314\Scripts\;C:\Python314\;C:\Windows\system32;C:\Windows;C:\Windows\System32\Wbem;C:\Windows\System32\WindowsPowerShell\v1.0\;C:\Windows\System32\OpenSSH\;C:\Program Files\Git\cmd;C:\Program Files\nodejs\;C:\ProgramData\chocolatey\bin;F:\platform-tools;C:\Program Files\Microsoft\jdk-17.0.18.8-hotspot\bin;E:\flutter_windows_3.38.5-stable\flutter\bin;C:\Users\Sunny\AppData\Local\Programs\Python\Launcher\;C:\Users\Sunny\AppData\Local\Microsoft\WindowsApps;C:\Users\Sunny\AppData\Local\Programs\Microsoft VS Code\bin;C:\Users\Sunny\AppData\Roaming\npm;C:\Users\Sunny\AppData\Local\Pub\Cache\bin;C:\Users\Sunny\AppData\Local\Programs\Antigravity\bin;E:\Antigravity IDE\bin;C:\Users\Sunny\AppData\Local\Programs\Antigravity IDE\bin;E:\Kiro\bin;E:\flutter_windows_3.38.5-stable\flutter\bin\mingit\cmd
USERNAME=Sunny
LANG=en_US.UTF-8
OS=Windows_NT
PROCESSOR_IDENTIFIER=Intel64 Family 6 Model 154 Stepping 4, GenuineIntel
TMP=C:\Users\Sunny\AppData\Local\Temp
TEMP=C:\Users\Sunny\AppData\Local\Temp




Periodic native trim disabled

JNI global refs:
JNI global refs: 0, weak refs: 0

JNI global refs memory usage: 0, weak refs: 0

Process memory usage:
Resident Set Size: 10788K (0% of 8106488K total physical memory with 337508K free physical memory)

OOME stack traces (most recent first):
Classloader memory used:

---------------  S Y S T E M  ---------------

OS:
 Windows 10 , 64 bit Build 19041 (10.0.19041.5915)
OS uptime: 3 days 19:44 hours

CPU: total 12 (initial active 12) (6 cores per cpu, 2 threads per core) family 6 model 154 stepping 4 microcode 0x424, cx8, cmov, fxsr, ht, mmx, 3dnowpref, sse, sse2, sse3, ssse3, sse4.1, sse4.2, popcnt, lzcnt, tsc, tscinvbit, avx, avx2, aes, erms, clmul, bmi1, bmi2, adx, sha, fma, vzeroupper, clflush, clflushopt, clwb, serialize, rdtscp, rdpid, fsrm, f16c, pku, cet_ibt, cet_ss
Processor Information for processor 0
  Max Mhz: 1300, Current Mhz: 1300, Mhz Limit: 1300
Processor Information for processor 1
  Max Mhz: 1300, Current Mhz: 1300, Mhz Limit: 1300
Processor Information for processor 2
  Max Mhz: 1300, Current Mhz: 1300, Mhz Limit: 1300
Processor Information for processor 3
  Max Mhz: 1300, Current Mhz: 1300, Mhz Limit: 1300
Processor Information for processor 4
  Max Mhz: 900, Current Mhz: 900, Mhz Limit: 900
Processor Information for processor 5
  Max Mhz: 900, Current Mhz: 900, Mhz Limit: 900
Processor Information for processor 6
  Max Mhz: 900, Current Mhz: 900, Mhz Limit: 900
Processor Information for processor 7
  Max Mhz: 900, Current Mhz: 900, Mhz Limit: 900
Processor Information for processor 8
  Max Mhz: 900, Current Mhz: 900, Mhz Limit: 900
Processor Information for processor 9
  Max Mhz: 900, Current Mhz: 900, Mhz Limit: 900
Processor Information for processor 10
  Max Mhz: 900, Current Mhz: 900, Mhz Limit: 900
Processor Information for processor 11
  Max Mhz: 900, Current Mhz: 900, Mhz Limit: 900

Memory: 4k page, system-wide physical 7916M (329M free)
TotalPageFile size 19341M (AvailPageFile size 33M)
current process WorkingSet (physical memory assigned to process): 10M, peak: 10M
current process commit charge ("private bytes"): 64M, peak: 188M

vm_info: OpenJDK 64-Bit Server VM (21.0.8+-14196175-b1038.72) for windows-amd64 JRE (21.0.8+-14196175-b1038.72), built on 2025-10-01T10:24:33Z by "builder" with MS VC++ 16.10 / 16.11 (VS2019)

END.
